Opening socket...
Listening...
--------------------
test
--------------------
DONE
--------------------
Shutting down...
Done
Opening socket...
Listening...
--------------------
kill
--------------------
Shutting down...
Done
Opening socket...
Listening...
--------------------
kill
--------------------
Shutting down...
Done
Opening socket...
Listening...
--------------------
kill
--------------------
Shutting down...
Done
Opening socket...
Listening...
--------------------
kill
--------------------
Shutting down...
Done
Opening socket...
Listening...
--------------------
kill
--------------------
Shutting down...
Done
Opening socket...
Listening...
--------------------
kill
--------------------
Shutting down...
Done
Opening socket...
Listening...
--------------------
kill
--------------------
Shutting down...
Done
